Arguments: 
  /Users/macbook/.nvm/versions/node/v10.15.3/bin/node /usr/local/Cellar/yarn/1.22.4/libexec/bin/yarn.js

PATH: 
  /Users/macbook/.rvm/gems/ruby-2.6.0/bin:/Users/macbook/.rvm/gems/ruby-2.6.0@global/bin:/Users/macbook/.rvm/rubies/ruby-2.6.0/bin:/Users/macbook/.nvm/versions/node/v10.15.3/bin:/Users/macbook/.rbenv/bin:/Users/macbook/.rbenv/shims:/Users/macbook/.rbenv/bin:/Users/macbook/.rbenv/shims:/usr/local/bin:/usr/bin:/bin:/usr/sbin:/sbin:/usr/local/share/dotnet:~/.dotnet/tools:/Library/Frameworks/Mono.framework/Versions/Current/Commands:/Users/macbook/.rbenv/shims:/Users/macbook/.rbenv/bin:/Users/macbook/.rvm/bin

Yarn version: 
  1.22.4

Node version: 
  10.15.3

Platform: 
  darwin x64

Trace: 
  SyntaxError: /Users/macbook/Desktop/coding/my-app/package.json: Unexpected token } in JSON at position 1002
      at JSON.parse (<anonymous>)
      at /usr/local/Cellar/yarn/1.22.4/libexec/lib/cli.js:1625:59
      at Generator.next (<anonymous>)
      at step (/usr/local/Cellar/yarn/1.22.4/libexec/lib/cli.js:310:30)
      at /usr/local/Cellar/yarn/1.22.4/libexec/lib/cli.js:321:13

npm manifest: 
  {
    "name": "my-app",
    "version": "0.1.0",
    "private": true,
    "dependencies": {
      "@testing-library/jest-dom": "^4.2.4",
      "@testing-library/react": "^9.3.2",
      "@testing-library/user-event": "^7.1.2",
      "node-sass": "^4.14.1",
      "react": "^16.13.1",
      "react-dom": "^16.13.1",
      "react-id-swiper": "^3.0.0",
      "react-scripts": "3.4.1",
      "recharts": "^1.8.5",
      "swiper": "^5.3.8",
      "weather-icons": "^1.3.2"
    },
    "scripts": {
      "start": "react-scripts start",
      "build": "react-scripts build",
      "test": "react-scripts test",
      "eject": "react-scripts eject"
    },
    "eslintConfig": {
      "extends": "react-app"
    },
    "browserslist": {
      "production": [
        ">0.2%",
        "not dead",
        "not op_mini all"
      ],
      "development": [
        "last 1 chrome version",
        "last 1 firefox version",
        "last 1 safari version"
      ]
    },
    "devDependencies": {
      "@babel/core": "^7.9.6",
      "@babel/preset-env": "^7.9.6",
      "babel-loader": "^8.1.0",
    }
  }

yarn manifest: 
  No manifest

Lockfile: 
  No lockfile
